[    39.098] (--) Log file renamed from "/home/rex/.local/share/xorg/Xorg.pid-1322.log" to "/home/rex/.local/share/xorg/Xorg.0.log"
[    39.103] 
X.Org X Server 1.20.11
X Protocol Version 11, Revision 0
[    39.107] Build Operating System: linux Ubuntu
[    39.107] Current Operating System: Linux rex-VirtualBox 5.11.0-37-generic #41~20.04.2-Ubuntu SMP Fri Sep 24 09:06:38 UTC 2021 x86_64
[    39.107] Kernel command line: BOOT_IMAGE=/boot/vmlinuz-5.11.0-37-generic root=UUID=9072c58b-45ec-4651-b82d-14f80e8e7f9a ro quiet splash
[    39.107] Build Date: 06 July 2021  10:17:51AM
[    39.107] xorg-server 2:1.20.11-1ubuntu1~20.04.2 (For technical support please see http://www.ubuntu.com/support) 
[    39.107] Current version of pixman: 0.38.4
[    39.107] 	Before reporting problems, check http://wiki.x.org
	to make sure that you have the latest version.
[    39.107] Markers: (--) probed, (**) from config file, (==) default setting,
	(++) from command line, (!!) notice, (II) informational,
	(WW) warning, (EE) error, (NI) not implemented, (??) unknown.
[    39.107] (==) Log file: "/home/rex/.local/share/xorg/Xorg.0.log", Time: Mon Oct 11 13:17:53 2021
[    39.109] (==) Using system config directory "/usr/share/X11/xorg.conf.d"
[    39.114] (==) No Layout section.  Using the first Screen section.
[    39.114] (==) No screen section available. Using defaults.
[    39.114] (**) |-->Screen "Default Screen Section" (0)
[    39.114] (**) |   |-->Monitor "<default monitor>"
[    39.117] (==) No monitor specified for screen "Default Screen Section".
	Using a default monitor configuration.
[    39.117] (==) Automatically adding devices
[    39.117] (==) Automatically enabling devices
[    39.117] (==) Automatically adding GPU devices
[    39.117] (==) Automatically binding GPU devices
[    39.117] (==) Max clients allowed: 256, resource mask: 0x1fffff
[    39.117] (WW) The directory "/usr/share/fonts/X11/cyrillic" does not exist.
[    39.117] 	Entry deleted from font path.
[    39.117] (WW) The directory "/usr/share/fonts/X11/100dpi/" does not exist.
[    39.117] 	Entry deleted from font path.
[    39.117] (WW) The directory "/usr/share/fonts/X11/75dpi/" does not exist.
[    39.117] 	Entry deleted from font path.
[    39.117] (WW) The directory "/usr/share/fonts/X11/100dpi" does not exist.
[    39.117] 	Entry deleted from font path.
[    39.117] (WW) The directory "/usr/share/fonts/X11/75dpi" does not exist.
[    39.117] 	Entry deleted from font path.
[    39.117] (==) FontPath set to:
	/usr/share/fonts/X11/misc,
	/usr/share/fonts/X11/Type1,
	built-ins
[    39.117] (==) ModulePath set to "/usr/lib/xorg/modules"
[    39.117] (II) The server relies on udev to provide the list of input devices.
	If no devices become available, reconfigure udev or disable AutoAddDevices.
[    39.117] (II) Loader magic: 0x55aa454b6020
[    39.117] (II) Module ABI versions:
[    39.117] 	X.Org ANSI C Emulation: 0.4
[    39.117] 	X.Org Video Driver: 24.1
[    39.117] 	X.Org XInput driver : 24.1
[    39.117] 	X.Org Server Extension : 10.0
[    39.130] (++) using VT number 2

[    39.132] (II) systemd-logind: took control of session /org/freedesktop/login1/session/_32
[    39.133] (II) xfree86: Adding drm device (/dev/dri/card0)
[    39.142] (II) systemd-logind: got fd for /dev/dri/card0 226:0 fd 12 paused 0
[    39.155] (--) PCI:*(0@0:2:0) 15ad:0405:15ad:0405 rev 0, Mem @ 0xe0000000/16777216, 0xf0000000/2097152, I/O @ 0x0000d010/16, BIOS @ 0x????????/131072
[    39.157] (II) LoadModule: "glx"
[    39.159] (II) Loading /usr/lib/xorg/modules/extensions/libglx.so
[    39.177] (II) Module glx: vendor="X.Org Foundation"
[    39.177] 	compiled for 1.20.11, module version = 1.0.0
[    39.177] 	ABI class: X.Org Server Extension, version 10.0
[    39.177] (==) Matched vmware as autoconfigured driver 0
[    39.177] (==) Matched modesetting as autoconfigured driver 1
[    39.177] (==) Matched fbdev as autoconfigured driver 2
[    39.177] (==) Matched vesa as autoconfigured driver 3
[    39.177] (==) Assigned the driver to the xf86ConfigLayout
[    39.177] (II) LoadModule: "vmware"
[    39.177] (II) Loading /usr/lib/xorg/modules/drivers/vmware_drv.so
[    39.398] (II) Module vmware: vendor="X.Org Foundation"
[    39.398] 	compiled for 1.20.8, module version = 13.3.0
[    39.398] 	Module class: X.Org Video Driver
[    39.398] 	ABI class: X.Org Video Driver, version 24.1
[    39.398] (II) LoadModule: "modesetting"
[    39.398] (II) Loading /usr/lib/xorg/modules/drivers/modesetting_drv.so
[    39.405] (II) Module modesetting: vendor="X.Org Foundation"
[    39.405] 	compiled for 1.20.11, module version = 1.20.11
[    39.405] 	Module class: X.Org Video Driver
[    39.405] 	ABI class: X.Org Video Driver, version 24.1
[    39.405] (II) LoadModule: "fbdev"
[    39.405] (II) Loading /usr/lib/xorg/modules/drivers/fbdev_drv.so
[    39.407] (II) Module fbdev: vendor="X.Org Foundation"
[    39.407] 	compiled for 1.20.1, module version = 0.5.0
[    39.407] 	Module class: X.Org Video Driver
[    39.407] 	ABI class: X.Org Video Driver, version 24.0
[    39.407] (II) LoadModule: "vesa"
[    39.407] (II) Loading /usr/lib/xorg/modules/drivers/vesa_drv.so
[    39.408] (II) Module vesa: vendor="X.Org Foundation"
[    39.408] 	compiled for 1.20.4, module version = 2.4.0
[    39.408] 	Module class: X.Org Video Driver
[    39.408] 	ABI class: X.Org Video Driver, version 24.0
[    39.408] (II) vmware: driver for VMware SVGA: vmware0405, vmware0710
[    39.408] (II) modesetting: Driver for Modesetting Kernel Drivers: kms
[    39.408] (II) FBDEV: driver for framebuffer: fbdev
[    39.408] (II) VESA: driver for VESA chipsets: vesa
[    39.409] xf86EnableIOPorts: failed to set IOPL for I/O (Operation not permitted)
[    39.409] (WW) Falling back to old probe method for modesetting
[    39.409] (WW) Falling back to old probe method for fbdev
[    39.409] (II) Loading sub module "fbdevhw"
[    39.409] (II) LoadModule: "fbdevhw"
[    39.409] (II) Loading /usr/lib/xorg/modules/libfbdevhw.so
[    39.410] (II) Module fbdevhw: vendor="X.Org Foundation"
[    39.410] 	compiled for 1.20.11, module version = 0.0.2
[    39.410] 	ABI class: X.Org Video Driver, version 24.1
[    39.411] (EE) open /dev/fb0: Permission denied
[    39.411] (WW) VGA arbiter: cannot open kernel arbiter, no multi-card support
[    39.411] (II) vmware(0): Creating default Display subsection in Screen section
	"Default Screen Section" for depth/fbbpp 24/32
[    39.411] (--) vmware(0): DRM driver version is 2.18.0
[    39.411] (==) vmware(0): Depth 24, (--) framebuffer bpp 32
[    39.411] (==) vmware(0): RGB weight 888
[    39.411] (==) vmware(0): Default visual is TrueColor
[    39.411] (--) vmware(0): Min width 1, Max Width 8192.
[    39.411] (--) vmware(0): Min height 1, Max Height 8192.
[    39.411] (II) vmware(0): Output Virtual1 has no monitor section
[    39.411] (II) vmware(0): Output Virtual2 has no monitor section
[    39.411] (II) vmware(0): Output Virtual3 has no monitor section
[    39.411] (II) vmware(0): Output Virtual4 has no monitor section
[    39.411] (II) vmware(0): Output Virtual5 has no monitor section
[    39.411] (II) vmware(0): Output Virtual6 has no monitor section
[    39.411] (II) vmware(0): Output Virtual7 has no monitor section
[    39.411] (II) vmware(0): Output Virtual8 has no monitor section
[    39.411] (II) vmware(0): Printing probed modes for output Virtual1
[    39.411] (II) vmware(0): Modeline "800x600"x60.0   42.75  800 850 900 950  600 650 700 750 -hsync +vsync (45.0 kHz eP)
[    39.411] (II) vmware(0): Modeline "2560x1600"x60.0  348.50  2560 2752 3032 3504  1600 1603 1609 1658 -hsync +vsync (99.5 kHz e)
[    39.411] (II) vmware(0): Modeline "1920x1440"x60.0  234.00  1920 2048 2256 2600  1440 1441 1444 1500 -hsync +vsync (90.0 kHz e)
[    39.411] (II) vmware(0): Modeline "1856x1392"x60.0  218.25  1856 1952 2176 2528  1392 1393 1396 1439 -hsync +vsync (86.3 kHz e)
[    39.411] (II) vmware(0): Modeline "1792x1344"x60.0  204.75  1792 1920 2120 2448  1344 1345 1348 1394 -hsync +vsync (83.6 kHz e)
[    39.411] (II) vmware(0): Modeline "1920x1200"x59.9  193.25  1920 2056 2256 2592  1200 1203 1209 1245 -hsync +vsync (74.6 kHz e)
[    39.411] (II) vmware(0): Modeline "1600x1200"x60.0  162.00  1600 1664 1856 2160  1200 1201 1204 1250 +hsync +vsync (75.0 kHz e)
[    39.411] (II) vmware(0): Modeline "1680x1050"x60.0  146.25  1680 1784 1960 2240  1050 1053 1059 1089 -hsync +vsync (65.3 kHz e)
[    39.411] (II) vmware(0): Modeline "1400x1050"x60.0  121.75  1400 1488 1632 1864  1050 1053 1057 1089 -hsync +vsync (65.3 kHz e)
[    39.411] (II) vmware(0): Modeline "1280x1024"x60.0  108.00  1280 1328 1440 1688  1024 1025 1028 1066 +hsync +vsync (64.0 kHz e)
[    39.411] (II) vmware(0): Modeline "1440x900"x59.9  106.50  1440 1520 1672 1904  900 903 909 934 -hsync +vsync (55.9 kHz e)
[    39.411] (II) vmware(0): Modeline "1280x960"x60.0  108.00  1280 1376 1488 1800  960 961 964 1000 +hsync +vsync (60.0 kHz e)
[    39.411] (II) vmware(0): Modeline "1360x768"x60.0   85.50  1360 1424 1536 1792  768 771 777 795 +hsync +vsync (47.7 kHz e)
[    39.411] (II) vmware(0): Modeline "1280x800"x59.8   83.50  1280 1352 1480 1680  800 803 809 831 +hsync -vsync (49.7 kHz e)
[    39.411] (II) vmware(0): Modeline "1152x864"x75.0  108.00  1152 1216 1344 1600  864 865 868 900 +hsync +vsync (67.5 kHz e)
[    39.411] (II) vmware(0): Modeline "1280x768"x59.9   79.50  1280 1344 1472 1664  768 771 778 798 -hsync +vsync (47.8 kHz e)
[    39.411] (II) vmware(0): Modeline "1024x768"x60.0   65.00  1024 1048 1184 1344  768 771 777 806 -hsync -vsync (48.4 kHz e)
[    39.411] (II) vmware(0): Modeline "800x600"x60.3   40.00  800 840 968 1056  600 601 605 628 +hsync +vsync (37.9 kHz e)
[    39.411] (II) vmware(0): Modeline "640x480"x59.9   25.18  640 656 752 800  480 489 492 525 -hsync -vsync (31.5 kHz e)
[    39.411] (II) vmware(0): EDID for output Virtual2
[    39.411] (II) vmware(0): EDID for output Virtual3
[    39.411] (II) vmware(0): EDID for output Virtual4
[    39.411] (II) vmware(0): EDID for output Virtual5
[    39.411] (II) vmware(0): EDID for output Virtual6
[    39.411] (II) vmware(0): EDID for output Virtual7
[    39.411] (II) vmware(0): EDID for output Virtual8
[    39.411] (II) vmware(0): Output Virtual1 connected
[    39.411] (II) vmware(0): Output Virtual2 disconnected
[    39.411] (II) vmware(0): Output Virtual3 disconnected
[    39.411] (II) vmware(0): Output Virtual4 disconnected
[    39.411] (II) vmware(0): Output Virtual5 disconnected
[    39.411] (II) vmware(0): Output Virtual6 disconnected
[    39.412] (II) vmware(0): Output Virtual7 disconnected
[    39.412] (II) vmware(0): Output Virtual8 disconnected
[    39.412] (II) vmware(0): Using exact sizes for initial modes
[    39.412] (II) vmware(0): Output Virtual1 using initial mode 800x600 +0+0
[    39.412] (==) vmware(0): DPI set to (96, 96)
[    39.412] (==) vmware(0): Using gamma correction (1.0, 1.0, 1.0)
[    39.412] (II) Loading sub module "fb"
[    39.412] (II) LoadModule: "fb"
[    39.413] (II) Loading /usr/lib/xorg/modules/libfb.so
[    39.416] (II) Module fb: vendor="X.Org Foundation"
[    39.416] 	compiled for 1.20.11, module version = 1.0.0
[    39.416] 	ABI class: X.Org ANSI C Emulation, version 0.4
[    39.416] (II) Loading sub module "dri2"
[    39.416] (II) LoadModule: "dri2"
[    39.416] (II) Module "dri2" already built-in
[    39.416] (II) Loading sub module "dri3"
[    39.416] (II) LoadModule: "dri3"
[    39.416] (II) Module "dri3" already built-in
[    39.416] (II) UnloadModule: "modesetting"
[    39.416] (II) Unloading modesetting
[    39.416] (II) UnloadModule: "fbdev"
[    39.416] (II) Unloading fbdev
[    39.416] (II) UnloadSubModule: "fbdevhw"
[    39.416] (II) Unloading fbdevhw
[    39.416] (II) UnloadModule: "vesa"
[    39.416] (II) Unloading vesa
[    39.419] (II) vmware(0): Initialized VMWARE_CTRL extension version 0.2
[    39.433] (WW) vmware(0): Failed to initialize Gallium3D Xa. No render acceleration available.
[    39.433] (WW) vmware(0): Skipped initialization of direct rendering due to lack of render acceleration.
[    39.433] (--) vmware(0): Render acceleration is disabled.
[    39.433] (==) vmware(0): Rendercheck mode is disabled.
[    39.433] (--) vmware(0): Direct rendering (DRI2 3D) is disabled.
[    39.433] (--) vmware(0): Direct rendering (DRI3 3D) is disabled.
[    39.433] (==) vmware(0): Backing store enabled
[    39.433] (==) vmware(0): Silken mouse enabled
[    39.438] (==) vmware(0): DPMS enabled
[    39.438] (II) vmware(0): No 3D acceleration. Not setting up textured video.
[    39.438] (WW) vmware(0): Disabling Xv because no adaptors could be initialized.
[    39.438] (II) Initializing extension Generic Event Extension
[    39.438] (II) Initializing extension SHAPE
[    39.438] (II) Initializing extension MIT-SHM
[    39.438] (II) Initializing extension XInputExtension
[    39.440] (II) Initializing extension XTEST
[    39.440] (II) Initializing extension BIG-REQUESTS
[    39.440] (II) Initializing extension SYNC
[    39.440] (II) Initializing extension XKEYBOARD
[    39.440] (II) Initializing extension XC-MISC
[    39.440] (II) Initializing extension SECURITY
[    39.440] (II) Initializing extension XFIXES
[    39.440] (II) Initializing extension RENDER
[    39.440] (II) Initializing extension RANDR
[    39.441] (II) Initializing extension COMPOSITE
[    39.441] (II) Initializing extension DAMAGE
[    39.441] (II) Initializing extension MIT-SCREEN-SAVER
[    39.441] (II) Initializing extension DOUBLE-BUFFER
[    39.441] (II) Initializing extension RECORD
[    39.441] (II) Initializing extension DPMS
[    39.441] (II) Initializing extension Present
[    39.441] (II) Initializing extension DRI3
[    39.441] (II) Initializing extension X-Resource
[    39.441] (II) Initializing extension XVideo
[    39.441] (II) Initializing extension XVideo-MotionCompensation
[    39.441] (II) Initializing extension SELinux
[    39.441] (II) SELinux: Disabled on system
[    39.441] (II) Initializing extension GLX
[    39.442] (II) AIGLX: Screen 0 is not DRI2 capable
[    39.473] (II) IGLX: Loaded and initialized swrast
[    39.473] (II) GLX: Initialized DRISWRAST GL provider for screen 0
[    39.473] (II) Initializing extension XFree86-VidModeExtension
[    39.473] (II) Initializing extension XFree86-DGA
[    39.473] (II) Initializing extension XFree86-DRI
[    39.473] (II) Initializing extension DRI2
[    39.530] (II) vmware(0): Setting screen physical size to 211 x 158
[    39.627] (II) config/udev: Adding input device Power Button (/dev/input/event0)
[    39.627] (**) Power Button: Applying InputClass "libinput keyboard catchall"
[    39.627] (II) LoadModule: "libinput"
[    39.627] (II) Loading /usr/lib/xorg/modules/input/libinput_drv.so
[    39.630] (II) Module libinput: vendor="X.Org Foundation"
[    39.630] 	compiled for 1.20.4, module version = 0.29.0
[    39.631] 	Module class: X.Org XInput Driver
[    39.634] 	ABI class: X.Org XInput driver, version 24.1
[    39.634] (II) Using input driver 'libinput' for 'Power Button'
[    39.643] (II) systemd-logind: got fd for /dev/input/event0 13:64 fd 20 paused 0
[    39.643] (**) Power Button: always reports core events
[    39.643] (**) Option "Device" "/dev/input/event0"
[    39.643] (**) Option "_source" "server/udev"
[    39.652] (II) event0  - Power Button: is tagged by udev as: Keyboard
[    39.652] (II) event0  - Power Button: device is a keyboard
[    39.653] (II) event0  - Power Button: device removed
[    39.653] (**) Option "config_info" "udev:/sys/devices/LNXSYSTM:00/LNXPWRBN:00/input/input0/event0"
[    39.653] (II) XINPUT: Adding extended input device "Power Button" (type: KEYBOARD, id 6)
[    39.653] (**) Option "xkb_model" "pc105"
[    39.653] (**) Option "xkb_layout" "us"
[    39.656] (II) event0  - Power Button: is tagged by udev as: Keyboard
[    39.656] (II) event0  - Power Button: device is a keyboard
[    39.657] (II) config/udev: Adding input device Sleep Button (/dev/input/event1)
[    39.657] (**) Sleep Button: Applying InputClass "libinput keyboard catchall"
[    39.657] (II) Using input driver 'libinput' for 'Sleep Button'
[    39.659] (II) systemd-logind: got fd for /dev/input/event1 13:65 fd 23 paused 0
[    39.659] (**) Sleep Button: always reports core events
[    39.660] (**) Option "Device" "/dev/input/event1"
[    39.660] (**) Option "_source" "server/udev"
[    39.662] (II) event1  - Sleep Button: is tagged by udev as: Keyboard
[    39.662] (II) event1  - Sleep Button: device is a keyboard
[    39.662] (II) event1  - Sleep Button: device removed
[    39.663] (**) Option "config_info" "udev:/sys/devices/LNXSYSTM:00/LNXSLPBN:00/input/input1/event1"
[    39.663] (II) XINPUT: Adding extended input device "Sleep Button" (type: KEYBOARD, id 7)
[    39.663] (**) Option "xkb_model" "pc105"
[    39.663] (**) Option "xkb_layout" "us"
[    39.667] (II) event1  - Sleep Button: is tagged by udev as: Keyboard
[    39.668] (II) event1  - Sleep Button: device is a keyboard
[    39.670] (II) config/udev: Adding input device Video Bus (/dev/input/event3)
[    39.670] (**) Video Bus: Applying InputClass "libinput keyboard catchall"
[    39.671] (II) Using input driver 'libinput' for 'Video Bus'
[    39.672] (II) systemd-logind: got fd for /dev/input/event3 13:67 fd 24 paused 0
[    39.672] (**) Video Bus: always reports core events
[    39.672] (**) Option "Device" "/dev/input/event3"
[    39.672] (**) Option "_source" "server/udev"
[    39.675] (II) event3  - Video Bus: is tagged by udev as: Keyboard
[    39.676] (II) event3  - Video Bus: device is a keyboard
[    39.677] (II) event3  - Video Bus: device removed
[    39.677] (**) Option "config_info" "udev:/sys/devices/LNXSYSTM:00/LNXSYBUS:00/PNP0A03:00/LNXVIDEO:00/input/input4/event3"
[    39.677] (II) XINPUT: Adding extended input device "Video Bus" (type: KEYBOARD, id 8)
[    39.677] (**) Option "xkb_model" "pc105"
[    39.678] (**) Option "xkb_layout" "us"
[    39.681] (II) event3  - Video Bus: is tagged by udev as: Keyboard
[    39.681] (II) event3  - Video Bus: device is a keyboard
[    39.684] (II) config/udev: Adding input device VirtualBox mouse integration (/dev/input/event6)
[    39.684] (**) VirtualBox mouse integration: Applying InputClass "libinput pointer catchall"
[    39.684] (II) Using input driver 'libinput' for 'VirtualBox mouse integration'
[    39.689] (II) systemd-logind: got fd for /dev/input/event6 13:70 fd 25 paused 0
[    39.689] (**) VirtualBox mouse integration: always reports core events
[    39.689] (**) Option "Device" "/dev/input/event6"
[    39.689] (**) Option "_source" "server/udev"
[    39.690] (II) event6  - VirtualBox mouse integration: is tagged by udev as: Mouse
[    39.690] (II) event6  - VirtualBox mouse integration: device is a pointer
[    39.691] (II) event6  - VirtualBox mouse integration: device removed
[    39.691] (**) Option "config_info" "udev:/sys/devices/pci0000:00/0000:00:04.0/input/input7/event6"
[    39.691] (II) XINPUT: Adding extended input device "VirtualBox mouse integration" (type: MOUSE, id 9)
[    39.692] (**) Option "AccelerationScheme" "none"
[    39.692] (**) VirtualBox mouse integration: (accel) selected scheme none/0
[    39.692] (**) VirtualBox mouse integration: (accel) acceleration factor: 2.000
[    39.692] (**) VirtualBox mouse integration: (accel) acceleration threshold: 4
[    39.696] (II) event6  - VirtualBox mouse integration: is tagged by udev as: Mouse
[    39.696] (II) event6  - VirtualBox mouse integration: device is a pointer
[    39.699] (II) config/udev: Adding input device VirtualBox mouse integration (/dev/input/js1)
[    39.699] (II) No input driver specified, ignoring this device.
[    39.700] (II) This device may have been added with another device file.
[    39.701] (II) config/udev: Adding input device VirtualBox USB Tablet (/dev/input/event5)
[    39.701] (**) VirtualBox USB Tablet: Applying InputClass "libinput pointer catchall"
[    39.702] (II) Using input driver 'libinput' for 'VirtualBox USB Tablet'
[    39.763] (II) systemd-logind: got fd for /dev/input/event5 13:69 fd 26 paused 0
[    39.763] (**) VirtualBox USB Tablet: always reports core events
[    39.763] (**) Option "Device" "/dev/input/event5"
[    39.763] (**) Option "_source" "server/udev"
[    39.765] (II) event5  - VirtualBox USB Tablet: is tagged by udev as: Mouse
[    39.765] (II) event5  - VirtualBox USB Tablet: device is a pointer
[    39.765] (II) event5  - VirtualBox USB Tablet: device removed
[    39.765] (**) Option "config_info" "udev:/sys/devices/pci0000:00/0000:00:06.0/usb1/1-1/1-1:1.0/0003:80EE:0021.0001/input/input6/event5"
[    39.765] (II) XINPUT: Adding extended input device "VirtualBox USB Tablet" (type: MOUSE, id 10)
[    39.765] (**) Option "AccelerationScheme" "none"
[    39.765] (**) VirtualBox USB Tablet: (accel) selected scheme none/0
[    39.765] (**) VirtualBox USB Tablet: (accel) acceleration factor: 2.000
[    39.765] (**) VirtualBox USB Tablet: (accel) acceleration threshold: 4
[    39.767] (II) event5  - VirtualBox USB Tablet: is tagged by udev as: Mouse
[    39.767] (II) event5  - VirtualBox USB Tablet: device is a pointer
[    39.767] (II) config/udev: Adding input device VirtualBox USB Tablet (/dev/input/js0)
[    39.767] (II) No input driver specified, ignoring this device.
[    39.767] (II) This device may have been added with another device file.
[    39.767] (II) config/udev: Adding input device VirtualBox USB Tablet (/dev/input/mouse1)
[    39.767] (II) No input driver specified, ignoring this device.
[    39.767] (II) This device may have been added with another device file.
[    39.776] (II) config/udev: Adding input device AT Translated Set 2 keyboard (/dev/input/event2)
[    39.776] (**) AT Translated Set 2 keyboard: Applying InputClass "libinput keyboard catchall"
[    39.776] (II) Using input driver 'libinput' for 'AT Translated Set 2 keyboard'
[    39.777] (II) systemd-logind: got fd for /dev/input/event2 13:66 fd 27 paused 0
[    39.777] (**) AT Translated Set 2 keyboard: always reports core events
[    39.778] (**) Option "Device" "/dev/input/event2"
[    39.778] (**) Option "_source" "server/udev"
[    39.779] (II) event2  - AT Translated Set 2 keyboard: is tagged by udev as: Keyboard
[    39.779] (II) event2  - AT Translated Set 2 keyboard: device is a keyboard
[    39.780] (II) event2  - AT Translated Set 2 keyboard: device removed
[    39.780] (**) Option "config_info" "udev:/sys/devices/platform/i8042/serio0/input/input2/event2"
[    39.780] (II) XINPUT: Adding extended input device "AT Translated Set 2 keyboard" (type: KEYBOARD, id 11)
[    39.780] (**) Option "xkb_model" "pc105"
[    39.780] (**) Option "xkb_layout" "us"
[    39.782] (II) event2  - AT Translated Set 2 keyboard: is tagged by udev as: Keyboard
[    39.782] (II) event2  - AT Translated Set 2 keyboard: device is a keyboard
[    39.783] (II) config/udev: Adding input device ImExPS/2 Generic Explorer Mouse (/dev/input/event4)
[    39.783] (**) ImExPS/2 Generic Explorer Mouse: Applying InputClass "libinput pointer catchall"
[    39.783] (II) Using input driver 'libinput' for 'ImExPS/2 Generic Explorer Mouse'
[    39.784] (II) systemd-logind: got fd for /dev/input/event4 13:68 fd 28 paused 0
[    39.784] (**) ImExPS/2 Generic Explorer Mouse: always reports core events
[    39.784] (**) Option "Device" "/dev/input/event4"
[    39.784] (**) Option "_source" "server/udev"
[    39.786] (II) event4  - ImExPS/2 Generic Explorer Mouse: is tagged by udev as: Mouse
[    39.788] (II) event4  - ImExPS/2 Generic Explorer Mouse: device is a pointer
[    39.788] (II) event4  - ImExPS/2 Generic Explorer Mouse: device removed
[    39.789] (**) Option "config_info" "udev:/sys/devices/platform/i8042/serio1/input/input5/event4"
[    39.789] (II) XINPUT: Adding extended input device "ImExPS/2 Generic Explorer Mouse" (type: MOUSE, id 12)
[    39.789] (**) Option "AccelerationScheme" "none"
[    39.789] (**) ImExPS/2 Generic Explorer Mouse: (accel) selected scheme none/0
[    39.789] (**) ImExPS/2 Generic Explorer Mouse: (accel) acceleration factor: 2.000
[    39.789] (**) ImExPS/2 Generic Explorer Mouse: (accel) acceleration threshold: 4
[    39.790] (II) event4  - ImExPS/2 Generic Explorer Mouse: is tagged by udev as: Mouse
[    39.791] (II) event4  - ImExPS/2 Generic Explorer Mouse: device is a pointer
[    39.796] (II) config/udev: Adding input device ImExPS/2 Generic Explorer Mouse (/dev/input/mouse0)
[    39.796] (II) No input driver specified, ignoring this device.
[    39.796] (II) This device may have been added with another device file.
[    51.571] (EE) No surface to present from.
